Content-Type: multipart/alternative;
 boundary="===============9097701492210969592=="
MIME-Version: 1.0
Subject: Profile activation
From: test@example.com
To: shiv@gmail.com
Date: Wed, 20 Feb 2019 15:05:16 -0000
Message-ID: <155067511636.7182.17758154067819237824@ritesh>

--===============9097701492210969592==
Content-Type: text/plain; charset="utf-8"
MIME-Version: 1.0
Content-Transfer-Encoding: 7bit



To activate your profile, please follow this link:

http://127.0.0.1:8000/accounts/activate/6SYn0YIRgAHlfclKTTki/

--===============9097701492210969592==
Content-Type: text/html; charset="utf-8"
MIME-Version: 1.0
Content-Transfer-Encoding: 7bit



<!DOCTYPE html PUBLIC "-//W3C//DTD XHTML 1.0 Transitional//EN"
        "http://www.w3.org/TR/xhtml1/DTD/xhtml1-transitional.dtd">
<html xmlns="http://www.w3.org/1999/xhtml">
<head>
    <meta http-equiv="Content-Type" content="text/html; charset=UTF-8"/>
    <title>Profile activation</title>
    <meta name="viewport" content="width=device-width, initial-scale=1.0"/>
</head>

<body>

<p>
    To activate your profile, please follow this link:
</p>

<p>
    <a href="http://127.0.0.1:8000/accounts/activate/6SYn0YIRgAHlfclKTTki/">http://127.0.0.1:8000/accounts/activate/6SYn0YIRgAHlfclKTTki/</a>
</p>

</body>

</html>

--===============9097701492210969592==--

-------------------------------------------------------------------------------
