Content-Type: multipart/alternative;
 boundary="===============6562335902732489229=="
MIME-Version: 1.0
Subject: Profile activation
From: test@example.com
To: riteshsinha4.rs@gmail.com
Date: Thu, 21 Feb 2019 09:53:05 -0000
Message-ID: <155074278596.19908.12854222185453756966@ritesh.domain.name>

--===============6562335902732489229==
Content-Type: text/plain; charset="utf-8"
MIME-Version: 1.0
Content-Transfer-Encoding: 7bit



To activate your profile, please follow this link:

http://localhost:8000/accounts/activate/Hyd2yckGYMtgM4Kwds3j/

--===============6562335902732489229==
Content-Type: text/html; charset="utf-8"
MIME-Version: 1.0
Content-Transfer-Encoding: 7bit



<!DOCTYPE html PUBLIC "-//W3C//DTD XHTML 1.0 Transitional//EN"
        "http://www.w3.org/TR/xhtml1/DTD/xhtml1-transitional.dtd">
<html xmlns="http://www.w3.org/1999/xhtml">
<head>
    <meta http-equiv="Content-Type" content="text/html; charset=UTF-8"/>
    <title>Profile activation</title>
    <meta name="viewport" content="width=device-width, initial-scale=1.0"/>
</head>

<body>

<p>
    To activate your profile, please follow this link:
</p>

<p>
    <a href="http://localhost:8000/accounts/activate/Hyd2yckGYMtgM4Kwds3j/">http://localhost:8000/accounts/activate/Hyd2yckGYMtgM4Kwds3j/</a>
</p>

</body>

</html>

--===============6562335902732489229==--

-------------------------------------------------------------------------------
