Content-Type: multipart/alternative;
 boundary="===============1351720524967456113=="
MIME-Version: 1.0
Subject: Profile activation
From: test@example.com
To: test@gmail.com
Date: Thu, 21 Feb 2019 18:28:45 -0000
Message-ID: <155077372531.15157.1459538881697434411@ritesh>

--===============1351720524967456113==
Content-Type: text/plain; charset="utf-8"
MIME-Version: 1.0
Content-Transfer-Encoding: 7bit



To activate your profile, please follow this link:

http://localhost:8000/accounts/activate/aauVOpuLD1vDQwTHrI3B/

--===============1351720524967456113==
Content-Type: text/html; charset="utf-8"
MIME-Version: 1.0
Content-Transfer-Encoding: 7bit



<!DOCTYPE html PUBLIC "-//W3C//DTD XHTML 1.0 Transitional//EN"
        "http://www.w3.org/TR/xhtml1/DTD/xhtml1-transitional.dtd">
<html xmlns="http://www.w3.org/1999/xhtml">
<head>
    <meta http-equiv="Content-Type" content="text/html; charset=UTF-8"/>
    <title>Profile activation</title>
    <meta name="viewport" content="width=device-width, initial-scale=1.0"/>
</head>

<body>

<p>
    To activate your profile, please follow this link:
</p>

<p>
    <a href="http://localhost:8000/accounts/activate/aauVOpuLD1vDQwTHrI3B/">http://localhost:8000/accounts/activate/aauVOpuLD1vDQwTHrI3B/</a>
</p>

</body>

</html>

--===============1351720524967456113==--

-------------------------------------------------------------------------------
