Content-Type: multipart/alternative;
 boundary="===============1435705262280438667=="
MIME-Version: 1.0
Subject: Profile activation
From: test@example.com
To: sonu@gmail.com
Date: Wed, 20 Feb 2019 15:08:49 -0000
Message-ID: <155067532969.7534.16043645972540018089@ritesh>

--===============1435705262280438667==
Content-Type: text/plain; charset="utf-8"
MIME-Version: 1.0
Content-Transfer-Encoding: 7bit



To activate your profile, please follow this link:

http://127.0.0.1:8000/accounts/activate/iiyWsDw6mFLAZCfRr0iw/

--===============1435705262280438667==
Content-Type: text/html; charset="utf-8"
MIME-Version: 1.0
Content-Transfer-Encoding: 7bit



<!DOCTYPE html PUBLIC "-//W3C//DTD XHTML 1.0 Transitional//EN"
        "http://www.w3.org/TR/xhtml1/DTD/xhtml1-transitional.dtd">
<html xmlns="http://www.w3.org/1999/xhtml">
<head>
    <meta http-equiv="Content-Type" content="text/html; charset=UTF-8"/>
    <title>Profile activation</title>
    <meta name="viewport" content="width=device-width, initial-scale=1.0"/>
</head>

<body>

<p>
    To activate your profile, please follow this link:
</p>

<p>
    <a href="http://127.0.0.1:8000/accounts/activate/iiyWsDw6mFLAZCfRr0iw/">http://127.0.0.1:8000/accounts/activate/iiyWsDw6mFLAZCfRr0iw/</a>
</p>

</body>

</html>

--===============1435705262280438667==--

-------------------------------------------------------------------------------
